src/pages/SupportPage.tsx(7,1): error TS1128: Declaration or statement expected.
src/pages/SupportPage.tsx(7,3): error TS1434: Unexpected keyword or identifier.
